<?xml version="1.0" encoding="UTF-8"?>
<!-- Generated by org.testng.reporters.JUnitReportReporter -->
<testsuite hostname="DESKTOP-L3BF332" failures="0" tests="1" name="test.ZerodhaForgotPage" time="11.255" errors="0" timestamp="2022-06-23T11:59:11 IST" skipped="0">
  <testcase classname="test.ZerodhaForgotPage" name="forgotPage" time="11.255"/>
  <system-out/>
</testsuite> <!-- test.ZerodhaForgotPage -->
